#
# There is insufficient memory for the Java Runtime Environment to continue.
# Native memory allocation (mmap) failed to map 15728640 bytes for G1 virtual space
# Possible reasons:
#   The system is out of physical RAM or swap space
#   The process is running with CompressedOops enabled, and the Java Heap may be blocking the growth of the native heap
# Possible solutions:
#   Reduce memory load on the system
#   Increase physical memory or swap space
#   Check if swap backing store is full
#   Decrease Java heap size (-Xmx/-Xms)
#   Decrease number of Java threads
#   Decrease Java thread stack sizes (-Xss)
#   Set larger code cache with -XX:ReservedCodeCacheSize=
#   JVM is running with Unscaled Compressed Oops mode in which the Java heap is
#     placed in the first 4GB address space. The Java Heap base address is the
#     maximum limit for the native heap growth. Please use -XX:HeapBaseMinAddress
#     to set the Java Heap base and to place the Java Heap above 4GB virtual address.
# This output file may be truncated or incomplete.
#
#  Out of Memory Error (os_windows.cpp:3548), pid=29712, tid=20776
#
# JRE version: Java(TM) SE Runtime Environment (17.0.12+8) (build 17.0.12+8-LTS-286)
# Java VM: Java HotSpot(TM) 64-Bit Server VM (17.0.12+8-LTS-286, mixed mode, sharing, tiered, compressed oops, compressed class ptrs, g1 gc, windows-amd64)
# No core dump will be written. Minidumps are not enabled by default on client versions of Windows
#

---------------  S U M M A R Y ------------

Command Line: -javaagent:C:\Program Files\JetBrains\IntelliJ IDEA Community Edition 2024.3.5\lib\idea_rt.jar=49952 -Dfile.encoding=UTF-8 com.carrental.CarRentalApplication

Host: AMD Ryzen 7 5800H with Radeon Graphics         , 16 cores, 5G,  Windows 11 , 64 bit Build 22621 (10.0.22621.5262)
Time: Thu May 15 12:03:25 2025 India Standard Time elapsed time: 8.830578 seconds (0d 0h 0m 8s)

---------------  T H R E A D  ---------------

Current thread (0x000002086b32e710):  VMThread "VM Thread" [stack: 0x00000084f6200000,0x00000084f6300000] [id=20776]

Stack: [0x00000084f6200000,0x00000084f6300000]
Native frames: (J=compiled Java code, j=interpreted, Vv=VM code, C=native code)
V  [jvm.dll+0x67a04a]
V  [jvm.dll+0x7da4ed]
V  [jvm.dll+0x7dbe33]
V  [jvm.dll+0x7dc4a3]
V  [jvm.dll+0x24508f]
V  [jvm.dll+0x677089]
V  [jvm.dll+0x66bd32]
V  [jvm.dll+0x301fa6]
V  [jvm.dll+0x309546]
V  [jvm.dll+0x359d2e]
V  [jvm.dll+0x359f5f]
V  [jvm.dll+0x2d9078]
V  [jvm.dll+0x2dc0e6]
V  [jvm.dll+0x2e67eb]
V  [jvm.dll+0x31a870]
V  [jvm.dll+0x7e0d9b]
V  [jvm.dll+0x7e1ad4]
V  [jvm.dll+0x7e1fed]
V  [jvm.dll+0x7e23c4]
V  [jvm.dll+0x7e2490]
V  [jvm.dll+0x78abea]
V  [jvm.dll+0x678f35]
C  [ucrtbase.dll+0x29333]
C  [KERNEL32.DLL+0x1259d]
C  [ntdll.dll+0x5af58]

VM_Operation (0x00000084f5eff430): G1Concurrent, mode: safepoint, requested by thread 0x000002084db6dca0


---------------  P R O C E S S  ---------------

Threads class SMR info:
_java_thread_list=0x0000020871b172b0, length=23, elements={
0x000002084db140f0, 0x000002086b336730, 0x000002086b3375b0, 0x000002086b347010,
0x000002086b34ab00, 0x000002086b34b6c0, 0x000002086b34e090, 0x000002086b34fd50,
0x000002086b35dc30, 0x000002086b35e540, 0x000002086b320ae0, 0x0000020870045630,
0x0000020870045b10, 0x000002087047a470, 0x000002087047a950, 0x0000020871975580,
0x0000020870fcaab0, 0x0000020871e6d450, 0x0000020871e6fcd0, 0x0000020871e6f2b0,
0x0000020871e6d960, 0x0000020871e706f0, 0x0000020871e70c00
}

Java Threads: ( => current thread )
  0x000002084db140f0 JavaThread "main" [_thread_blocked, id=24052, stack(0x00000084f5c00000,0x00000084f5d00000)]
  0x000002086b336730 JavaThread "Reference Handler" daemon [_thread_blocked, id=21692, stack(0x00000084f6300000,0x00000084f6400000)]
  0x000002086b3375b0 JavaThread "Finalizer" daemon [_thread_blocked, id=17152, stack(0x00000084f6400000,0x00000084f6500000)]
  0x000002086b347010 JavaThread "Signal Dispatcher" daemon [_thread_blocked, id=16940, stack(0x00000084f6500000,0x00000084f6600000)]
  0x000002086b34ab00 JavaThread "Attach Listener" daemon [_thread_blocked, id=24808, stack(0x00000084f6600000,0x00000084f6700000)]
  0x000002086b34b6c0 JavaThread "Service Thread" daemon [_thread_blocked, id=24920, stack(0x00000084f6700000,0x00000084f6800000)]
  0x000002086b34e090 JavaThread "Monitor Deflation Thread" daemon [_thread_blocked, id=13356, stack(0x00000084f6800000,0x00000084f6900000)]
  0x000002086b34fd50 JavaThread "C2 CompilerThread0" daemon [_thread_blocked, id=19224, stack(0x00000084f6900000,0x00000084f6a00000)]
  0x000002086b35dc30 JavaThread "C1 CompilerThread0" daemon [_thread_blocked, id=11444, stack(0x00000084f6a00000,0x00000084f6b00000)]
  0x000002086b35e540 JavaThread "Sweeper thread" daemon [_thread_blocked, id=30108, stack(0x00000084f6b00000,0x00000084f6c00000)]
  0x000002086b320ae0 JavaThread "Common-Cleaner" daemon [_thread_blocked, id=16924, stack(0x00000084f6c00000,0x00000084f6d00000)]
  0x0000020870045630 JavaThread "Monitor Ctrl-Break" daemon [_thread_in_native, id=28456, stack(0x00000084f6d00000,0x00000084f6e00000)]
  0x0000020870045b10 JavaThread "Notification Thread" daemon [_thread_blocked, id=18716, stack(0x00000084f6e00000,0x00000084f6f00000)]
  0x000002087047a470 JavaThread "Thread-0" [_thread_blocked, id=9576, stack(0x00000084f7000000,0x00000084f7100000)]
  0x000002087047a950 JavaThread "restartedMain" [_thread_blocked, id=15560, stack(0x00000084f7100000,0x00000084f7200000)]
  0x0000020871975580 JavaThread "C1 CompilerThread1" daemon [_thread_blocked, id=15536, stack(0x00000084f8000000,0x00000084f8100000)]
  0x0000020870fcaab0 JavaThread "C1 CompilerThread2" daemon [_thread_blocked, id=16152, stack(0x00000084f8100000,0x00000084f8200000)]
  0x0000020871e6d450 JavaThread "mysql-cj-abandoned-connection-cleanup" daemon [_thread_blocked, id=10644, stack(0x00000084f8200000,0x00000084f8300000)]
  0x0000020871e6fcd0 JavaThread "HikariPool-1 housekeeper" daemon [_thread_blocked, id=29788, stack(0x00000084f8400000,0x00000084f8500000)]
  0x0000020871e6f2b0 JavaThread "HikariPool-1 connection adder" daemon [_thread_blocked, id=14028, stack(0x00000084f8500000,0x00000084f8600000)]
  0x0000020871e6d960 JavaThread "Catalina-utility-1" [_thread_blocked, id=7196, stack(0x00000084f8600000,0x00000084f8700000)]
  0x0000020871e706f0 JavaThread "Catalina-utility-2" [_thread_blocked, id=19444, stack(0x00000084f8700000,0x00000084f8800000)]
  0x0000020871e70c00 JavaThread "container-0" [_thread_blocked, id=11712, stack(0x00000084f8800000,0x00000084f8900000)]

Other Threads:
=>0x000002086b32e710 VMThread "VM Thread" [stack: 0x00000084f6200000,0x00000084f6300000] [id=20776]
  0x000002084db8d090 WatcherThread [stack: 0x00000084f6f00000,0x00000084f7000000] [id=4664]
  0x000002084db611d0 GCTaskThread "GC Thread#0" [stack: 0x00000084f5d00000,0x00000084f5e00000] [id=6436]
  0x0000020870735010 GCTaskThread "GC Thread#1" [stack: 0x00000084f7200000,0x00000084f7300000] [id=28052]
  0x00000208705e3520 GCTaskThread "GC Thread#2" [stack: 0x00000084f7300000,0x00000084f7400000] [id=14192]
  0x00000208705e37e0 GCTaskThread "GC Thread#3" [stack: 0x00000084f7400000,0x00000084f7500000] [id=27204]
  0x00000208705e3eb0 GCTaskThread "GC Thread#4" [stack: 0x00000084f7500000,0x00000084f7600000] [id=6728]
  0x000002087092aab0 GCTaskThread "GC Thread#5" [stack: 0x00000084f7600000,0x00000084f7700000] [id=22132]
  0x000002087092c370 GCTaskThread "GC Thread#6" [stack: 0x00000084f7800000,0x00000084f7900000] [id=22588]
  0x000002087092ad70 GCTaskThread "GC Thread#7" [stack: 0x00000084f7900000,0x00000084f7a00000] [id=21012]
  0x000002087092bb30 GCTaskThread "GC Thread#8" [stack: 0x00000084f7a00000,0x00000084f7b00000] [id=15608]
  0x000002087092b870 GCTaskThread "GC Thread#9" [stack: 0x00000084f7700000,0x00000084f7800000] [id=17836]
  0x000002087092b2f0 GCTaskThread "GC Thread#10" [stack: 0x00000084f7b00000,0x00000084f7c00000] [id=13280]
  0x000002087092b5b0 GCTaskThread "GC Thread#11" [stack: 0x00000084f7c00000,0x00000084f7d00000] [id=28120]
  0x000002087092c630 GCTaskThread "GC Thread#12" [stack: 0x00000084f7d00000,0x00000084f7e00000] [id=30472]
  0x000002084db6dca0 ConcurrentGCThread "G1 Main Marker" [stack: 0x00000084f5e00000,0x00000084f5f00000] [id=3672]
  0x000002084db6e6b0 ConcurrentGCThread "G1 Conc#0" [stack: 0x00000084f5f00000,0x00000084f6000000] [id=15056]
  0x0000020870e80c00 ConcurrentGCThread "G1 Conc#1" [stack: 0x00000084f7e00000,0x00000084f7f00000] [id=26680]
  0x0000020870e7f340 ConcurrentGCThread "G1 Conc#2" [stack: 0x00000084f7f00000,0x00000084f8000000] [id=11684]
  0x000002084dbcdc70 ConcurrentGCThread "G1 Refine#0" [stack: 0x00000084f6000000,0x00000084f6100000] [id=15268]
  0x000002084dbce6a0 ConcurrentGCThread "G1 Service" [stack: 0x00000084f6100000,0x00000084f6200000] [id=21180]

Threads with active compile tasks:
C2 CompilerThread0     8863 6913       4       org.antlr.v4.runtime.atn.ParserATNSimulator::closure_ (311 bytes)

VM state: at safepoint (normal execution)

VM Mutex/Monitor currently owned by a thread:  ([mutex/lock_event])
[0x000002084db0f5c0] Threads_lock - owner thread: 0x000002086b32e710
[0x000002084db10580] Heap_lock - owner thread: 0x000002084db6dca0

Heap address: 0x00000000a2400000, size: 1500 MB, Compressed Oops mode: 32-bit

CDS archive(s) mapped at: [0x0000020800000000-0x0000020800bd0000-0x0000020800bd0000), size 12386304, SharedBaseAddress: 0x0000020800000000, ArchiveRelocationMode: 1.
Compressed class space mapped at: 0x0000020801000000-0x0000020841000000, reserved size: 1073741824
Narrow klass base: 0x0000020800000000, Narrow klass shift: 0, Narrow klass range: 0x100000000

GC Precious Log:
 CPUs: 16 total, 16 available
 Memory: 5996M
 Large Page Support: Disabled
 NUMA Support: Disabled
 Compressed Oops: Enabled (32-bit)
 Heap Region Size: 1M
 Heap Min Capacity: 8M
 Heap Initial Capacity: 94M
 Heap Max Capacity: 1500M
 Pre-touch: Disabled
 Parallel Workers: 13
 Concurrent Workers: 3
 Concurrent Refinement Workers: 13
 Periodic GC: Disabled

Heap:
 garbage-first heap   total 61440K, used 43711K [0x00000000a2400000, 0x0000000100000000)
  region size 1024K, 8 young (8192K), 2 survivors (2048K)
 Metaspace       used 68727K, committed 69248K, reserved 1114112K
  class space    used 9576K, committed 9792K, reserved 1048576K

Heap Regions: E=young(eden), S=young(survivor), O=old, HS=humongous(starts), HC=humongous(continues), CS=collection set, F=free, OA=open archive, CA=closed archive, TAMS=top-at-mark-start (previous, next)
|   0|0x00000000a2400000, 0x00000000a2500000, 0x00000000a2500000|100%|HS|  |TAMS 0x00000000a2500000, 0x00000000a2400000| Complete 
|   1|0x00000000a2500000, 0x00000000a2600000, 0x00000000a2600000|100%| O|  |TAMS 0x00000000a2600000, 0x00000000a2500000| Untracked 
|   2|0x00000000a2600000, 0x00000000a2700000, 0x00000000a2700000|100%| O|  |TAMS 0x00000000a2700000, 0x00000000a2600000| Untracked 
|   3|0x00000000a2700000, 0x00000000a2800000, 0x00000000a2800000|100%| O|  |TAMS 0x00000000a2800000, 0x00000000a2700000| Untracked 
|   4|0x00000000a2800000, 0x00000000a2900000, 0x00000000a2900000|100%| O|  |TAMS 0x00000000a2900000, 0x00000000a2800000| Untracked 
|   5|0x00000000a2900000, 0x00000000a2a00000, 0x00000000a2a00000|100%| O|  |TAMS 0x00000000a2a00000, 0x00000000a2900000| Untracked 
|   6|0x00000000a2a00000, 0x00000000a2b00000, 0x00000000a2b00000|100%| O|  |TAMS 0x00000000a2b00000, 0x00000000a2a00000| Updating 
|   7|0x00000000a2b00000, 0x00000000a2c00000, 0x00000000a2c00000|100%| O|  |TAMS 0x00000000a2c00000, 0x00000000a2b00000| Untracked 
|   8|0x00000000a2c00000, 0x00000000a2d00000, 0x00000000a2d00000|100%| O|  |TAMS 0x00000000a2d00000, 0x00000000a2c00000| Untracked 
|   9|0x00000000a2d00000, 0x00000000a2e00000, 0x00000000a2e00000|100%| O|  |TAMS 0x00000000a2e00000, 0x00000000a2d00000| Untracked 
|  10|0x00000000a2e00000, 0x00000000a2f00000, 0x00000000a2f00000|100%| O|  |TAMS 0x00000000a2f00000, 0x00000000a2e00000| Untracked 
|  11|0x00000000a2f00000, 0x00000000a3000000, 0x00000000a3000000|100%| O|  |TAMS 0x00000000a3000000, 0x00000000a2f00000| Untracked 
|  12|0x00000000a3000000, 0x00000000a3100000, 0x00000000a3100000|100%| O|  |TAMS 0x00000000a3100000, 0x00000000a3000000| Untracked 
|  13|0x00000000a3100000, 0x00000000a3200000, 0x00000000a3200000|100%| O|  |TAMS 0x00000000a3200000, 0x00000000a3100000| Untracked 
|  14|0x00000000a3200000, 0x00000000a3300000, 0x00000000a3300000|100%| O|  |TAMS 0x00000000a3300000, 0x00000000a3200000| Untracked 
|  15|0x00000000a3300000, 0x00000000a3400000, 0x00000000a3400000|100%| O|  |TAMS 0x00000000a3400000, 0x00000000a3300000| Updating 
|  16|0x00000000a3400000, 0x00000000a3500000, 0x00000000a3500000|100%| O|  |TAMS 0x00000000a3500000, 0x00000000a3400000| Updating 
|  17|0x00000000a3500000, 0x00000000a3600000, 0x00000000a3600000|100%| O|  |TAMS 0x00000000a3600000, 0x00000000a3500000| Untracked 
|  18|0x00000000a3600000, 0x00000000a3700000, 0x00000000a3700000|100%| O|  |TAMS 0x00000000a3700000, 0x00000000a3600000| Untracked 
|  19|0x00000000a3700000, 0x00000000a3800000, 0x00000000a3800000|100%| O|  |TAMS 0x00000000a3800000, 0x00000000a3700000| Untracked 
|  20|0x00000000a3800000, 0x00000000a3900000, 0x00000000a3900000|100%| O|  |TAMS 0x00000000a3900000, 0x00000000a3800000| Untracked 
|  21|0x00000000a3900000, 0x00000000a3a00000, 0x00000000a3a00000|100%| O|  |TAMS 0x00000000a3a00000, 0x00000000a3900000| Untracked 
|  22|0x00000000a3a00000, 0x00000000a3b00000, 0x00000000a3b00000|100%| O|  |TAMS 0x00000000a3b00000, 0x00000000a3a00000| Untracked 
|  23|0x00000000a3b00000, 0x00000000a3c00000, 0x00000000a3c00000|100%| O|  |TAMS 0x00000000a3c00000, 0x00000000a3b00000| Untracked 
|  24|0x00000000a3c00000, 0x00000000a3d00000, 0x00000000a3d00000|100%| O|  |TAMS 0x00000000a3d00000, 0x00000000a3c00000| Untracked 
|  25|0x00000000a3d00000, 0x00000000a3e00000, 0x00000000a3e00000|100%| O|  |TAMS 0x00000000a3e00000, 0x00000000a3d00000| Untracked 
|  26|0x00000000a3e00000, 0x00000000a3f00000, 0x00000000a3f00000|100%| O|  |TAMS 0x00000000a3f00000, 0x00000000a3e00000| Untracked 
|  27|0x00000000a3f00000, 0x00000000a4000000, 0x00000000a4000000|100%| O|  |TAMS 0x00000000a4000000, 0x00000000a3f00000| Untracked 
|  28|0x00000000a4000000, 0x00000000a4100000, 0x00000000a4100000|100%| O|  |TAMS 0x00000000a4100000, 0x00000000a4000000| Untracked 
|  29|0x00000000a4100000, 0x00000000a4200000, 0x00000000a4200000|100%| O|  |TAMS 0x00000000a4200000, 0x00000000a4100000| Untracked 
|  30|0x00000000a4200000, 0x00000000a4300000, 0x00000000a4300000|100%| O|  |TAMS 0x00000000a4300000, 0x00000000a4200000| Untracked 
|  31|0x00000000a4300000, 0x00000000a4400000, 0x00000000a4400000|100%| O|  |TAMS 0x00000000a4400000, 0x00000000a4300000| Untracked 
|  32|0x00000000a4400000, 0x00000000a4500000, 0x00000000a4500000|100%| O|  |TAMS 0x00000000a4500000, 0x00000000a4400000| Updating 
|  33|0x00000000a4500000, 0x00000000a4600000, 0x00000000a4600000|100%| O|  |TAMS 0x00000000a4600000, 0x00000000a4500000| Untracked 
|  34|0x00000000a4600000, 0x00000000a4700000, 0x00000000a4700000|100%| O|  |TAMS 0x00000000a4615600, 0x00000000a4600000| Untracked 
|  35|0x00000000a4700000, 0x00000000a4800000, 0x00000000a4800000|100%| O|  |TAMS 0x00000000a4700000, 0x00000000a4700000| Untracked 
|  36|0x00000000a4800000, 0x00000000a482b800, 0x00000000a4900000| 16%| O|  |TAMS 0x00000000a4800000, 0x00000000a4800000| Updating 
|  37|0x00000000a4900000, 0x00000000a4900000, 0x00000000a4a00000|  0%| F|  |TAMS 0x00000000a4900000, 0x00000000a4900000| Untracked 
|  38|0x00000000a4a00000, 0x00000000a4a00000, 0x00000000a4b00000|  0%| F|  |TAMS 0x00000000a4a00000, 0x00000000a4a00000| Untracked 
|  39|0x00000000a4b00000, 0x00000000a4b00000, 0x00000000a4c00000|  0%| F|  |TAMS 0x00000000a4b00000, 0x00000000a4b00000| Untracked 
|  40|0x00000000a4c00000, 0x00000000a4c00000, 0x00000000a4d00000|  0%| F|  |TAMS 0x00000000a4c00000, 0x00000000a4c00000| Untracked 
|  41|0x00000000a4d00000, 0x00000000a4d00000, 0x00000000a4e00000|  0%| F|  |TAMS 0x00000000a4d00000, 0x00000000a4d00000| Untracked 
|  42|0x00000000a4e00000, 0x00000000a4e00000, 0x00000000a4f00000|  0%| F|  |TAMS 0x00000000a4e00000, 0x00000000a4e00000| Untracked 
|  43|0x00000000a4f00000, 0x00000000a4f00000, 0x00000000a5000000|  0%| F|  |TAMS 0x00000000a4f00000, 0x00000000a4f00000| Untracked 
|  44|0x00000000a5000000, 0x00000000a5000000, 0x00000000a5100000|  0%| F|  |TAMS 0x00000000a5000000, 0x00000000a5000000| Untracked 
|  45|0x00000000a5100000, 0x00000000a5184640, 0x00000000a5200000| 51%| S|CS|TAMS 0x00000000a5100000, 0x00000000a5100000| Complete 
|  46|0x00000000a5200000, 0x00000000a5300000, 0x00000000a5300000|100%| S|CS|TAMS 0x00000000a5200000, 0x00000000a5200000| Complete 
|  47|0x00000000a5300000, 0x00000000a5300000, 0x00000000a5400000|  0%| F|  |TAMS 0x00000000a5300000, 0x00000000a5300000| Untracked 
|  48|0x00000000a5400000, 0x00000000a5400000, 0x00000000a5500000|  0%| F|  |TAMS 0x00000000a5400000, 0x00000000a5400000| Untracked 
|  49|0x00000000a5500000, 0x00000000a5500000, 0x00000000a5600000|  0%| F|  |TAMS 0x00000000a5500000, 0x00000000a5500000| Untracked 
|  50|0x00000000a5600000, 0x00000000a5600000, 0x00000000a5700000|  0%| F|  |TAMS 0x00000000a5600000, 0x00000000a5600000| Untracked 
|  51|0x00000000a5700000, 0x00000000a5700000, 0x00000000a5800000|  0%| F|  |TAMS 0x00000000a5700000, 0x00000000a5700000| Untracked 
|  52|0x00000000a5800000, 0x00000000a5800000, 0x00000000a5900000|  0%| F|  |TAMS 0x00000000a5800000, 0x00000000a5800000| Untracked 
|  53|0x00000000a5900000, 0x00000000a5900000, 0x00000000a5a00000|  0%| F|  |TAMS 0x00000000a5900000, 0x00000000a5900000| Untracked 
|  54|0x00000000a5a00000, 0x00000000a5acbd08, 0x00000000a5b00000| 79%| E|  |TAMS 0x00000000a5a00000, 0x00000000a5a00000| Complete 
|  55|0x00000000a5b00000, 0x00000000a5c00000, 0x00000000a5c00000|100%| E|CS|TAMS 0x00000000a5b00000, 0x00000000a5b00000| Complete 
|  56|0x00000000a5c00000, 0x00000000a5d00000, 0x00000000a5d00000|100%| E|CS|TAMS 0x00000000a5c00000, 0x00000000a5c00000| Complete 
|  57|0x00000000a5d00000, 0x00000000a5e00000, 0x00000000a5e00000|100%| E|CS|TAMS 0x00000000a5d00000, 0x00000000a5d00000| Complete 
|  58|0x00000000a5e00000, 0x00000000a5f00000, 0x00000000a5f00000|100%| E|CS|TAMS 0x00000000a5e00000, 0x00000000a5e00000| Complete 
|  93|0x00000000a8100000, 0x00000000a8200000, 0x00000000a8200000|100%| E|CS|TAMS 0x00000000a8100000, 0x00000000a8100000| Complete 

Card table byte_map: [0x0000020864f30000,0x0000020865220000] _byte_map_base: 0x0000020864a1e000

Marking Bits (Prev, Next): (CMBitMap*) 0x000002084db61830, (CMBitMap*) 0x000002084db617f0
 Prev Bits: [0x0000020866c80000, 0x00000208683f0000)
 Next Bits: [0x0000020865510000, 0x0000020866c80000)

Polling page: 0x000002084baa0000

Metaspace:

Usage:
  Non-class:     57.76 MB used.
      Class:      9.35 MB used.
       Both:     67.12 MB used.

Virtual space:
  Non-class space:       64.00 MB reserved,      58.06 MB ( 91%) committed,  1 nodes.
      Class space:        1.00 GB reserved,       9.56 MB ( <1%) committed,  1 nodes.
             Both:        1.06 GB reserved,      67.62 MB (  6%) committed. 

Chunk freelists:
   Non-Class:  5.14 MB
       Class:  6.44 MB
        Both:  11.58 MB

MaxMetaspaceSize: unlimited
CompressedClassSpaceSize: 1.00 GB
Initial GC threshold: 21.00 MB
Current GC threshold: 112.00 MB
CDS: on
MetaspaceReclaimPolicy: balanced
 - commit_granule_bytes: 65536.
 - commit_granule_words: 8192.
 - virtual_space_node_default_size: 8388608.
 - enlarge_chunks_in_place: 1.
 - new_chunks_are_fully_committed: 0.
 - uncommit_free_chunks: 1.
 - use_allocation_guard: 0.
 - handle_deallocations: 1.


Internal statistics:

num_allocs_failed_limit: 6.
num_arena_births: 728.
num_arena_deaths: 4.
num_vsnodes_births: 2.
num_vsnodes_deaths: 0.
num_space_committed: 1082.
num_space_uncommitted: 0.
num_chunks_returned_to_freelist: 12.
num_chunks_taken_from_freelist: 3179.
num_chunk_merges: 6.
num_chunk_splits: 2290.
num_chunks_enlarged: 1791.
num_inconsistent_stats: 0.

CodeHeap 'non-profiled nmethods': size=119168Kb used=2503Kb max_used=2989Kb free=116664Kb
 bounds [0x000002085cf60000, 0x000002085d260000, 0x00000208643c0000]
CodeHeap 'profiled nmethods': size=119104Kb used=12000Kb max_used=13583Kb free=107103Kb
 bounds [0x00000208553c0000, 0x0000020856110000, 0x000002085c810000]
CodeHeap 'non-nmethods': size=7488Kb used=2487Kb max_used=2545Kb free=5001Kb
 bounds [0x000002085c810000, 0x000002085caa0000, 0x000002085cf60000]
 total_blobs=6784 nmethods=6094 adapters=599
 compilation: enabled
              stopped_count=0, restarted_count=0
 full_count=0

Compilation events (20 events):
Event: 8.765 Thread 0x0000020870fcaab0 7083       3       org.antlr.v4.runtime.atn.ParserATNSimulator::precedenceTransition (143 bytes)
Event: 8.765 Thread 0x000002086b35dc30 7084       1       org.antlr.v4.runtime.atn.PlusLoopbackState::getStateType (3 bytes)
Event: 8.765 Thread 0x000002086b35dc30 nmethod 7084 0x000002085d0c5090 code [0x000002085d0c5220, 0x000002085d0c52f8]
Event: 8.765 Thread 0x000002086b35dc30 7085 %     3       org.antlr.v4.runtime.atn.PredictionMode::getConflictingAltSubsets @ 13 (81 bytes)
Event: 8.766 Thread 0x0000020870fcaab0 nmethod 7083 0x00000208555e0110 code [0x00000208555e0420, 0x00000208555e1b48]
Event: 8.766 Thread 0x000002086b35dc30 nmethod 7085% 0x0000020855a19710 code [0x0000020855a199a0, 0x0000020855a1a9e8]
Event: 8.769 Thread 0x000002086b35dc30 7086 %     3       org.antlr.v4.runtime.atn.ParserATNSimulator::computeReachSet @ 291 (455 bytes)
Event: 8.769 Thread 0x0000020870fcaab0 7087   !   2       org.antlr.v4.runtime.atn.ParserATNSimulator::addDFAState (103 bytes)
Event: 8.769 Thread 0x0000020870fcaab0 nmethod 7087 0x000002085570fc10 code [0x000002085570fe00, 0x00000208557101f8]
Event: 8.771 Thread 0x000002086b35dc30 nmethod 7086% 0x0000020855430490 code [0x0000020855430980, 0x00000208554341b8]
Event: 8.777 Thread 0x000002086b35dc30 7089   !   2       org.antlr.v4.runtime.atn.ParserATNSimulator::adaptivePredict (274 bytes)
Event: 8.777 Thread 0x0000020870fcaab0 7090       2       org.antlr.v4.runtime.atn.ParserATNSimulator::execATN (412 bytes)
Event: 8.777 Thread 0x0000020871975580 7091       2       org.antlr.v4.runtime.BufferedTokenStream::release (1 bytes)
Event: 8.777 Thread 0x0000020871975580 nmethod 7091 0x00000208556ca510 code [0x00000208556ca6a0, 0x00000208556ca798]
Event: 8.778 Thread 0x0000020870fcaab0 nmethod 7090 0x00000208553df310 code [0x00000208553df6a0, 0x00000208553e04d8]
Event: 8.779 Thread 0x000002086b35dc30 nmethod 7089 0x0000020855d8b090 code [0x0000020855d8b380, 0x0000020855d8c348]
Event: 8.808 Thread 0x000002086b35dc30 7093 %     3       org.antlr.v4.runtime.misc.FlexibleHashMap::values @ 23 (95 bytes)
Event: 8.808 Thread 0x0000020870fcaab0 7094 %     3       org.antlr.v4.runtime.atn.ATNConfigSet::optimizeConfigs @ 36 (71 bytes)
Event: 8.808 Thread 0x000002086b35dc30 nmethod 7093% 0x0000020855809390 code [0x00000208558095c0, 0x000002085580a0a8]
Event: 8.809 Thread 0x0000020870fcaab0 nmethod 7094% 0x00000208559aa010 code [0x00000208559aa240, 0x00000208559aacd8]

GC Heap History (20 events):
Event: 6.730 GC heap before
{Heap before GC invocations=13 (full 0):
 garbage-first heap   total 55296K, used 43137K [0x00000000a2400000, 0x0000000100000000)
  region size 1024K, 20 young (20480K), 2 survivors (2048K)
 Metaspace       used 53686K, committed 54144K, reserved 1114112K
  class space    used 7134K, committed 7360K, reserved 1048576K
}
Event: 6.735 GC heap after
{Heap after GC invocations=14 (full 0):
 garbage-first heap   total 55296K, used 25985K [0x00000000a2400000, 0x0000000100000000)
  region size 1024K, 2 young (2048K), 2 survivors (2048K)
 Metaspace       used 53686K, committed 54144K, reserved 1114112K
  class space    used 7134K, committed 7360K, reserved 1048576K
}
Event: 7.171 GC heap before
{Heap before GC invocations=14 (full 0):
 garbage-first heap   total 55296K, used 42369K [0x00000000a2400000, 0x0000000100000000)
  region size 1024K, 18 young (18432K), 2 survivors (2048K)
 Metaspace       used 57752K, committed 58240K, reserved 1114112K
  class space    used 7799K, committed 8064K, reserved 1048576K
}
Event: 7.174 GC heap after
{Heap after GC invocations=15 (full 0):
 garbage-first heap   total 55296K, used 26609K [0x00000000a2400000, 0x0000000100000000)
  region size 1024K, 2 young (2048K), 2 survivors (2048K)
 Metaspace       used 57752K, committed 58240K, reserved 1114112K
  class space    used 7799K, committed 8064K, reserved 1048576K
}
Event: 7.691 GC heap before
{Heap before GC invocations=16 (full 0):
 garbage-first heap   total 55296K, used 42993K [0x00000000a2400000, 0x0000000100000000)
  region size 1024K, 19 young (19456K), 2 survivors (2048K)
 Metaspace       used 60869K, committed 61376K, reserved 1114112K
  class space    used 8274K, committed 8512K, reserved 1048576K
}
Event: 7.694 GC heap after
{Heap after GC invocations=17 (full 0):
 garbage-first heap   total 55296K, used 27399K [0x00000000a2400000, 0x0000000100000000)
  region size 1024K, 2 young (2048K), 2 survivors (2048K)
 Metaspace       used 60869K, committed 61376K, reserved 1114112K
  class space    used 8274K, committed 8512K, reserved 1048576K
}
Event: 7.886 GC heap before
{Heap before GC invocations=17 (full 0):
 garbage-first heap   total 55296K, used 43783K [0x00000000a2400000, 0x0000000100000000)
  region size 1024K, 18 young (18432K), 2 survivors (2048K)
 Metaspace       used 62997K, committed 63488K, reserved 1114112K
  class space    used 8541K, committed 8768K, reserved 1048576K
}
Event: 7.889 GC heap after
{Heap after GC invocations=18 (full 0):
 garbage-first heap   total 55296K, used 28307K [0x00000000a2400000, 0x0000000100000000)
  region size 1024K, 3 young (3072K), 3 survivors (3072K)
 Metaspace       used 62997K, committed 63488K, reserved 1114112K
  class space    used 8541K, committed 8768K, reserved 1048576K
}
Event: 8.181 GC heap before
{Heap before GC invocations=19 (full 0):
 garbage-first heap   total 55296K, used 44691K [0x00000000a2400000, 0x0000000100000000)
  region size 1024K, 19 young (19456K), 3 survivors (3072K)
 Metaspace       used 65018K, committed 65536K, reserved 1114112K
  class space    used 8865K, committed 9088K, reserved 1048576K
}
Event: 8.184 GC heap after
{Heap after GC invocations=20 (full 0):
 garbage-first heap   total 55296K, used 29494K [0x00000000a2400000, 0x0000000100000000)
  region size 1024K, 3 young (3072K), 3 survivors (3072K)
 Metaspace       used 65018K, committed 65536K, reserved 1114112K
  class space    used 8865K, committed 9088K, reserved 1048576K
}
Event: 8.402 GC heap before
{Heap before GC invocations=20 (full 0):
 garbage-first heap   total 55296K, used 44854K [0x00000000a2400000, 0x0000000100000000)
  region size 1024K, 18 young (18432K), 3 survivors (3072K)
 Metaspace       used 66268K, committed 66752K, reserved 1114112K
  class space    used 9040K, committed 9280K, reserved 1048576K
}
Event: 8.406 GC heap after
{Heap after GC invocations=21 (full 0):
 garbage-first heap   total 55296K, used 30410K [0x00000000a2400000, 0x0000000100000000)
  region size 1024K, 3 young (3072K), 3 survivors (3072K)
 Metaspace       used 66268K, committed 66752K, reserved 1114112K
  class space    used 9040K, committed 9280K, reserved 1048576K
}
Event: 8.530 GC heap before
{Heap before GC invocations=22 (full 0):
 garbage-first heap   total 55296K, used 44746K [0x00000000a2400000, 0x0000000100000000)
  region size 1024K, 17 young (17408K), 3 survivors (3072K)
 Metaspace       used 67090K, committed 67584K, reserved 1114112K
  class space    used 9230K, committed 9472K, reserved 1048576K
}
Event: 8.535 GC heap after
{Heap after GC invocations=23 (full 0):
 garbage-first heap   total 55296K, used 33146K [0x00000000a2400000, 0x0000000100000000)
  region size 1024K, 3 young (3072K), 3 survivors (3072K)
 Metaspace       used 67090K, committed 67584K, reserved 1114112K
  class space    used 9230K, committed 9472K, reserved 1048576K
}
Event: 8.637 GC heap before
{Heap before GC invocations=23 (full 0):
 garbage-first heap   total 55296K, used 42362K [0x00000000a2400000, 0x0000000100000000)
  region size 1024K, 13 young (13312K), 3 survivors (3072K)
 Metaspace       used 68017K, committed 68480K, reserved 1114112K
  class space    used 9382K, committed 9600K, reserved 1048576K
}
Event: 8.641 GC heap after
{Heap after GC invocations=24 (full 0):
 garbage-first heap   total 55296K, used 34171K [0x00000000a2400000, 0x0000000100000000)
  region size 1024K, 1 young (1024K), 1 survivors (1024K)
 Metaspace       used 68017K, committed 68480K, reserved 1114112K
  class space    used 9382K, committed 9600K, reserved 1048576K
}
Event: 8.734 GC heap before
{Heap before GC invocations=25 (full 0):
 garbage-first heap   total 61440K, used 44411K [0x00000000a2400000, 0x0000000100000000)
  region size 1024K, 11 young (11264K), 1 survivors (1024K)
 Metaspace       used 68702K, committed 69184K, reserved 1114112K
  class space    used 9576K, committed 9792K, reserved 1048576K
}
Event: 8.737 GC heap after
{Heap after GC invocations=26 (full 0):
 garbage-first heap   total 61440K, used 36949K [0x00000000a2400000, 0x0000000100000000)
  region size 1024K, 2 young (2048K), 2 survivors (2048K)
 Metaspace       used 68702K, committed 69184K, reserved 1114112K
  class space    used 9576K, committed 9792K, reserved 1048576K
}
Event: 8.788 GC heap before
{Heap before GC invocations=26 (full 0):
 garbage-first heap   total 61440K, used 48213K [0x00000000a2400000, 0x0000000100000000)
  region size 1024K, 13 young (13312K), 2 survivors (2048K)
 Metaspace       used 68731K, committed 69248K, reserved 1114112K
  class space    used 9576K, committed 9792K, reserved 1048576K
}
Event: 8.791 GC heap after
{Heap after GC invocations=27 (full 0):
 garbage-first heap   total 61440K, used 38591K [0x00000000a2400000, 0x0000000100000000)
  region size 1024K, 2 young (2048K), 2 survivors (2048K)
 Metaspace       used 68731K, committed 69248K, reserved 1114112K
  class space    used 9576K, committed 9792K, reserved 1048576K
}

Deoptimization events (20 events):
Event: 8.270 Thread 0x000002087047a950 Uncommon trap: trap_request=0xffffff45 fr.pc=0x000002085d11705c relative=0x000000000000011c
Event: 8.270 Thread 0x000002087047a950 Uncommon trap: reason=unstable_if action=reinterpret pc=0x000002085d11705c method=org.springframework.core.annotation.AnnotationsScanner.processMethodHierarchy(Ljava/lang/Object;[ILjava/lang/Class;Lorg/springframework/core/annotation/AnnotationsProcessor;
Event: 8.270 Thread 0x000002087047a950 DEOPT PACKING pc=0x000002085d11705c sp=0x00000084f71fb480
Event: 8.270 Thread 0x000002087047a950 DEOPT UNPACKING pc=0x000002085c8623a3 sp=0x00000084f71fb4c8 mode 2
Event: 8.270 Thread 0x000002087047a950 Uncommon trap: trap_request=0xffffff45 fr.pc=0x000002085d11b210 relative=0x00000000000042d0
Event: 8.270 Thread 0x000002087047a950 Uncommon trap: reason=unstable_if action=reinterpret pc=0x000002085d11b210 method=org.springframework.core.annotation.AnnotationsScanner.processMethodHierarchy(Ljava/lang/Object;[ILjava/lang/Class;Lorg/springframework/core/annotation/AnnotationsProcessor;
Event: 8.270 Thread 0x000002087047a950 DEOPT PACKING pc=0x000002085d11b210 sp=0x00000084f71fb5c0
Event: 8.270 Thread 0x000002087047a950 DEOPT UNPACKING pc=0x000002085c8623a3 sp=0x00000084f71fb608 mode 2
Event: 8.486 Thread 0x000002087047a950 Uncommon trap: trap_request=0xffffff45 fr.pc=0x000002085d05a35c relative=0x000000000000021c
Event: 8.486 Thread 0x000002087047a950 Uncommon trap: reason=unstable_if action=reinterpret pc=0x000002085d05a35c method=java.util.HashMap.getNode(Ljava/lang/Object;)Ljava/util/HashMap$Node; @ 66 c2
Event: 8.486 Thread 0x000002087047a950 DEOPT PACKING pc=0x000002085d05a35c sp=0x00000084f71f6210
Event: 8.486 Thread 0x000002087047a950 DEOPT UNPACKING pc=0x000002085c8623a3 sp=0x00000084f71f6130 mode 2
Event: 8.486 Thread 0x000002087047a950 Uncommon trap: trap_request=0xffffff45 fr.pc=0x000002085d03d204 relative=0x0000000000000164
Event: 8.486 Thread 0x000002087047a950 Uncommon trap: reason=unstable_if action=reinterpret pc=0x000002085d03d204 method=java.util.HashMap.getNode(Ljava/lang/Object;)Ljava/util/HashMap$Node; @ 131 c2
Event: 8.486 Thread 0x000002087047a950 DEOPT PACKING pc=0x000002085d03d204 sp=0x00000084f71f5e60
Event: 8.486 Thread 0x000002087047a950 DEOPT UNPACKING pc=0x000002085c8623a3 sp=0x00000084f71f5df0 mode 2
Event: 8.709 Thread 0x000002087047a950 DEOPT PACKING pc=0x000002085543c85b sp=0x00000084f71f8bb0
Event: 8.709 Thread 0x000002087047a950 DEOPT UNPACKING pc=0x000002085c862b43 sp=0x00000084f71f8050 mode 0
Event: 8.759 Thread 0x000002087047a950 DEOPT PACKING pc=0x00000208557f7db2 sp=0x00000084f71fa000
Event: 8.759 Thread 0x000002087047a950 DEOPT UNPACKING pc=0x000002085c862b43 sp=0x00000084f71f9520 mode 0

Classes unloaded (2 events):
Event: 8.662 Thread 0x000002086b32e710 Unloading class 0x00000208018b8400 'jdk/internal/reflect/GeneratedSerializationConstructorAccessor1'
Event: 8.819 Thread 0x000002086b32e710 Unloading class 0x00000208018e8000 'jdk/internal/reflect/GeneratedSerializationConstructorAccessor2'

Classes redefined (0 events):
No events

Internal exceptions (20 events):
Event: 7.712 Thread 0x000002087047a950 Exception <a 'java/lang/IncompatibleClassChangeError'{0x00000000a574e0e8}: Found class java.lang.Object, but interface was expected> (0x00000000a574e0e8) 
thrown [s\open\src\hotspot\share\interpreter\linkResolver.cpp, line 826]
Event: 7.714 Thread 0x000002087047a950 Implicit null exception at 0x000002085d19f332 to 0x000002085d1a3578
Event: 7.721 Thread 0x000002087047a950 Exception <a 'java/lang/IncompatibleClassChangeError'{0x00000000a57ccc30}: Found class java.lang.Object, but interface was expected> (0x00000000a57ccc30) 
thrown [s\open\src\hotspot\share\interpreter\linkResolver.cpp, line 826]
Event: 7.750 Thread 0x000002087047a950 Exception <a 'java/lang/IncompatibleClassChangeError'{0x00000000a55774c0}: Found class java.lang.Object, but interface was expected> (0x00000000a55774c0) 
thrown [s\open\src\hotspot\share\interpreter\linkResolver.cpp, line 826]
Event: 7.866 Thread 0x000002087047a950 Exception <a 'java/lang/IncompatibleClassChangeError'{0x00000000a4e2c290}: Found class java.lang.Object, but interface was expected> (0x00000000a4e2c290) 
thrown [s\open\src\hotspot\share\interpreter\linkResolver.cpp, line 826]
Event: 7.937 Thread 0x000002087047a950 Exception <a 'java/lang/reflect/InvocationTargetException'{0x00000000a552ff10}> (0x00000000a552ff10) 
thrown [s\open\src\hotspot\share\runtime\reflection.cpp, line 1121]
Event: 7.947 Thread 0x000002087047a950 Exception <a 'java/lang/NoSuchMethodError'{0x00000000a5592578}: 'int java.lang.invoke.DirectMethodHandle$Holder.invokeStatic(java.lang.Object, java.lang.Object, int)'> (0x00000000a5592578) 
thrown [s\open\src\hotspot\share\interpreter\linkResolver.cpp, line 759]
Event: 7.949 Thread 0x000002087047a950 Exception <a 'java/lang/NoSuchMethodError'{0x00000000a55b1260}: 'java.lang.Object java.lang.invoke.DirectMethodHandle$Holder.newInvokeSpecial(java.lang.Object, java.lang.Object, int)'> (0x00000000a55b1260) 
thrown [s\open\src\hotspot\share\interpreter\linkResolver.cpp, line 759]
Event: 7.952 Thread 0x000002087047a950 Exception <a 'java/lang/NoSuchMethodError'{0x00000000a55cfaf8}: 'java.lang.Object java.lang.invoke.Invokers$Holder.invoke_MT(java.lang.Object, java.lang.Object, java.lang.Object, java.lang.Object, java.lang.Object, java.lang.Object, java.lang.Object, java.lang.Object, java.lang.Object)'> (0x00000000a55cfaf8) 
thrown [s\open\src\hotspot\share\interpreter\linkResolver.cpp, line 759]
Event: 7.954 Thread 0x000002087047a950 Exception <a 'java/lang/IncompatibleClassChangeError'{0x00000000a55f9918}: Found class java.lang.Object, but interface was expected> (0x00000000a55f9918) 
thrown [s\open\src\hotspot\share\interpreter\linkResolver.cpp, line 826]
Event: 7.997 Thread 0x000002087047a950 Exception <a 'java/lang/NoSuchMethodError'{0x00000000a53a1088}: 'java.lang.Object java.lang.invoke.DirectMethodHandle$Holder.invokeStatic(java.lang.Object, int, java.lang.Object)'> (0x00000000a53a1088) 
thrown [s\open\src\hotspot\share\interpreter\linkResolver.cpp, line 759]
Event: 8.003 Thread 0x000002087047a950 Exception <a 'java/lang/reflect/InvocationTargetException'{0x00000000a53d7660}> (0x00000000a53d7660) 
thrown [s\open\src\hotspot\share\runtime\reflection.cpp, line 1121]
Event: 8.005 Thread 0x000002087047a950 Exception <a 'java/lang/reflect/InvocationTargetException'{0x00000000a53e3af8}> (0x00000000a53e3af8) 
thrown [s\open\src\hotspot\share\runtime\reflection.cpp, line 1121]
Event: 8.088 Thread 0x000002087047a950 Exception <a 'java/lang/NoSuchMethodError'{0x00000000a4eef900}: 'long java.lang.invoke.DirectMethodHandle$Holder.invokeVirtual(java.lang.Object, java.lang.Object)'> (0x00000000a4eef900) 
thrown [s\open\src\hotspot\share\interpreter\linkResolver.cpp, line 759]
Event: 8.093 Thread 0x000002087047a950 Exception <a 'java/io/FileNotFoundException'{0x00000000a4d1ebb8}> (0x00000000a4d1ebb8) 
thrown [s\open\src\hotspot\share\prims\jni.cpp, line 516]
Event: 8.186 Thread 0x000002087047a950 Implicit null exception at 0x000002085d0570bd to 0x000002085d057483
Event: 8.214 Thread 0x000002087047a950 Exception <a 'java/io/FileNotFoundException'{0x00000000a58109b8}> (0x00000000a58109b8) 
thrown [s\open\src\hotspot\share\prims\jni.cpp, line 516]
Event: 8.214 Thread 0x000002087047a950 Exception <a 'java/io/FileNotFoundException'{0x00000000a581c520}> (0x00000000a581c520) 
thrown [s\open\src\hotspot\share\prims\jni.cpp, line 516]
Event: 8.297 Thread 0x000002087047a950 Exception <a 'java/lang/reflect/InvocationTargetException'{0x00000000a4e275a8}> (0x00000000a4e275a8) 
thrown [s\open\src\hotspot\share\runtime\reflection.cpp, line 1121]
Event: 8.582 Thread 0x000002087047a950 Exception <a 'java/lang/reflect/InvocationTargetException'{0x00000000a5266c58}> (0x00000000a5266c58) 
thrown [s\open\src\hotspot\share\runtime\reflection.cpp, line 1121]

VM Operations (20 events):
Event: 8.431 Executing VM operation: G1Concurrent done
Event: 8.489 Executing VM operation: HandshakeAllThreads
Event: 8.489 Executing VM operation: HandshakeAllThreads done
Event: 8.501 Executing VM operation: ICBufferFull
Event: 8.501 Executing VM operation: ICBufferFull done
Event: 8.530 Executing VM operation: G1CollectForAllocation
Event: 8.535 Executing VM operation: G1CollectForAllocation done
Event: 8.637 Executing VM operation: G1CollectForAllocation
Event: 8.641 Executing VM operation: G1CollectForAllocation done
Event: 8.662 Executing VM operation: G1Concurrent
Event: 8.668 Executing VM operation: G1Concurrent done
Event: 8.676 Executing VM operation: G1Concurrent
Event: 8.677 Executing VM operation: G1Concurrent done
Event: 8.690 Executing VM operation: HandshakeAllThreads
Event: 8.690 Executing VM operation: HandshakeAllThreads done
Event: 8.734 Executing VM operation: G1CollectForAllocation
Event: 8.737 Executing VM operation: G1CollectForAllocation done
Event: 8.788 Executing VM operation: G1CollectForAllocation
Event: 8.791 Executing VM operation: G1CollectForAllocation done
Event: 8.818 Executing VM operation: G1Concurrent

Events (20 events):
Event: 8.378 Thread 0x000002086b35e540 flushing nmethod 0x000002085605a810
Event: 8.378 Thread 0x000002086b35e540 flushing nmethod 0x000002085605af90
Event: 8.378 Thread 0x000002086b35e540 flushing nmethod 0x000002085605c690
Event: 8.378 Thread 0x000002086b35e540 flushing nmethod 0x000002085605d710
Event: 8.378 Thread 0x000002086b35e540 flushing nmethod 0x000002085605e490
Event: 8.378 Thread 0x000002086b35e540 flushing nmethod 0x000002085605e890
Event: 8.378 Thread 0x000002086b35e540 flushing nmethod 0x000002085605ed90
Event: 8.378 Thread 0x000002086b35e540 flushing nmethod 0x000002085605f890
Event: 8.378 Thread 0x000002086b35e540 flushing nmethod 0x000002085605fc90
Event: 8.378 Thread 0x000002086b35e540 flushing nmethod 0x0000020856060690
Event: 8.378 Thread 0x000002086b35e540 flushing nmethod 0x0000020856060a90
Event: 8.378 Thread 0x000002086b35e540 flushing nmethod 0x0000020856061710
Event: 8.378 Thread 0x000002086b35e540 flushing nmethod 0x0000020856062d10
Event: 8.378 Thread 0x000002086b35e540 flushing nmethod 0x0000020856063510
Event: 8.378 Thread 0x000002086b35e540 flushing nmethod 0x0000020856064510
Event: 8.378 Thread 0x000002086b35e540 flushing nmethod 0x0000020856065b10
Event: 8.378 Thread 0x000002086b35e540 flushing nmethod 0x0000020856066690
Event: 8.378 Thread 0x000002086b35e540 flushing nmethod 0x0000020856067590
Event: 8.378 Thread 0x000002086b35e540 flushing nmethod 0x0000020856068110
Event: 8.378 Thread 0x000002086b35e540 flushing nmethod 0x0000020856069510


Dynamic libraries:
0x00007ff69c490000 - 0x00007ff69c4a0000 	C:\Program Files\Java\jdk-17\bin\java.exe
0x00007fff14b70000 - 0x00007fff14d87000 	C:\WINDOWS\SYSTEM32\ntdll.dll
0x00007fff13480000 - 0x00007fff13544000 	C:\WINDOWS\System32\KERNEL32.DLL
0x00007fff11f90000 - 0x00007fff12363000 	C:\WINDOWS\System32\KERNELBASE.dll
0x00007fff11c70000 - 0x00007fff11d81000 	C:\WINDOWS\System32\ucrtbase.dll
0x00007fff04680000 - 0x00007fff0469b000 	C:\Program Files\Java\jdk-17\bin\VCRUNTIME140.dll
0x00007fff04780000 - 0x00007fff04799000 	C:\Program Files\Java\jdk-17\bin\jli.dll
0x00007fff133c0000 - 0x00007fff13471000 	C:\WINDOWS\System32\ADVAPI32.dll
0x00007fff135d0000 - 0x00007fff13677000 	C:\WINDOWS\System32\msvcrt.dll
0x00007fff13700000 - 0x00007fff137a7000 	C:\WINDOWS\System32\sechost.dll
0x00007fff124e0000 - 0x00007fff12508000 	C:\WINDOWS\System32\bcrypt.dll
0x00007fff132a0000 - 0x00007fff133b4000 	C:\WINDOWS\System32\RPCRT4.dll
0x00007fff137d0000 - 0x00007fff13981000 	C:\WINDOWS\System32\USER32.dll
0x00007fff11d90000 - 0x00007fff11db6000 	C:\WINDOWS\System32\win32u.dll
0x00007ffef9fe0000 - 0x00007ffefa27b000 	C:\WINDOWS\WinSxS\amd64_microsoft.windows.common-controls_6595b64144ccf1df_6.0.22621.5262_none_2712bde373830908\COMCTL32.dll
0x00007fff13f30000 - 0x00007fff13f59000 	C:\WINDOWS\System32\GDI32.dll
0x00007fff11dc0000 - 0x00007fff11ee2000 	C:\WINDOWS\System32\gdi32full.dll
0x00007fff11ef0000 - 0x00007fff11f8a000 	C:\WINDOWS\System32\msvcp_win.dll
0x00007fff09a50000 - 0x00007fff09a5a000 	C:\WINDOWS\SYSTEM32\VERSION.dll
0x00007fff14080000 - 0x00007fff140b1000 	C:\WINDOWS\System32\IMM32.DLL
0x00007fff0dbb0000 - 0x00007fff0dbbc000 	C:\Program Files\Java\jdk-17\bin\vcruntime140_1.dll
0x00007fff03930000 - 0x00007fff039be000 	C:\Program Files\Java\jdk-17\bin\msvcp140.dll
0x00007ffe82990000 - 0x00007ffe83570000 	C:\Program Files\Java\jdk-17\bin\server\jvm.dll
0x00007fff13f60000 - 0x00007fff13f68000 	C:\WINDOWS\System32\PSAPI.DLL
0x00007ffef4430000 - 0x00007ffef4439000 	C:\WINDOWS\SYSTEM32\WSOCK32.dll
0x00007fff0c3a0000 - 0x00007fff0c3d4000 	C:\WINDOWS\SYSTEM32\WINMM.dll
0x00007fff13550000 - 0x00007fff135c1000 	C:\WINDOWS\System32\WS2_32.dll
0x00007fff10bd0000 - 0x00007fff10be8000 	C:\WINDOWS\SYSTEM32\kernel.appcore.dll
0x00007fff04740000 - 0x00007fff0474a000 	C:\Program Files\Java\jdk-17\bin\jimage.dll
0x00007fff0f4b0000 - 0x00007fff0f6e2000 	C:\WINDOWS\SYSTEM32\DBGHELP.DLL
0x00007fff13b90000 - 0x00007fff13f23000 	C:\WINDOWS\System32\combase.dll
0x00007fff13010000 - 0x00007fff130e7000 	C:\WINDOWS\System32\OLEAUT32.dll
0x00007fff00ea0000 - 0x00007fff00ed2000 	C:\WINDOWS\SYSTEM32\dbgcore.DLL
0x00007fff12650000 - 0x00007fff126cb000 	C:\WINDOWS\System32\bcryptPrimitives.dll
0x00007fff04630000 - 0x00007fff0463e000 	C:\Program Files\Java\jdk-17\bin\instrument.dll
0x00007fff03900000 - 0x00007fff03925000 	C:\Program Files\Java\jdk-17\bin\java.dll
0x00007ffec09b0000 - 0x00007ffec0a87000 	C:\Program Files\Java\jdk-17\bin\jsvml.dll
0x00007fff14220000 - 0x00007fff14abd000 	C:\WINDOWS\System32\SHELL32.dll
0x00007fff12510000 - 0x00007fff1264f000 	C:\WINDOWS\System32\wintypes.dll
0x00007fff0fb60000 - 0x00007fff1047d000 	C:\WINDOWS\SYSTEM32\windows.storage.dll
0x00007fff12f00000 - 0x00007fff1300b000 	C:\WINDOWS\System32\SHCORE.dll
0x00007fff14ac0000 - 0x00007fff14b26000 	C:\WINDOWS\System32\shlwapi.dll
0x00007fff11ba0000 - 0x00007fff11bcb000 	C:\WINDOWS\SYSTEM32\profapi.dll
0x00007fff038a0000 - 0x00007fff038b8000 	C:\Program Files\Java\jdk-17\bin\zip.dll
0x00007fff04430000 - 0x00007fff04449000 	C:\Program Files\Java\jdk-17\bin\net.dll
0x00007fff0c3e0000 - 0x00007fff0c50c000 	C:\WINDOWS\SYSTEM32\WINHTTP.dll
0x00007fff110e0000 - 0x00007fff1114a000 	C:\WINDOWS\system32\mswsock.dll
0x00007fff038e0000 - 0x00007fff038f6000 	C:\Program Files\Java\jdk-17\bin\nio.dll
0x00007fff03890000 - 0x00007fff0389a000 	C:\Program Files\Java\jdk-17\bin\management.dll
0x00007fff037e0000 - 0x00007fff037eb000 	C:\Program Files\Java\jdk-17\bin\management_ext.dll
0x00007fff03dd0000 - 0x00007fff03dde000 	C:\Program Files\Java\jdk-17\bin\sunmscapi.dll
0x00007fff12370000 - 0x00007fff124d7000 	C:\WINDOWS\System32\CRYPT32.dll
0x00007fff11520000 - 0x00007fff1154d000 	C:\WINDOWS\SYSTEM32\ncrypt.dll
0x00007fff114e0000 - 0x00007fff11517000 	C:\WINDOWS\SYSTEM32\NTASN1.dll
0x00007fff11320000 - 0x00007fff1133b000 	C:\WINDOWS\SYSTEM32\CRYPTSP.dll
0x00007fff10bf0000 - 0x00007fff10c27000 	C:\WINDOWS\system32\rsaenh.dll
0x00007fff11190000 - 0x00007fff111b8000 	C:\WINDOWS\SYSTEM32\USERENV.dll
0x00007fff11310000 - 0x00007fff1131c000 	C:\WINDOWS\SYSTEM32\CRYPTBASE.dll
0x00007fff106e0000 - 0x00007fff1070d000 	C:\WINDOWS\SYSTEM32\IPHLPAPI.DLL
0x00007fff137b0000 - 0x00007fff137b9000 	C:\WINDOWS\System32\NSI.dll
0x00007fff0c380000 - 0x00007fff0c399000 	C:\WINDOWS\SYSTEM32\dhcpcsvc6.DLL
0x00007fff0c350000 - 0x00007fff0c36f000 	C:\WINDOWS\SYSTEM32\dhcpcsvc.DLL
0x00007fff10750000 - 0x00007fff10848000 	C:\WINDOWS\SYSTEM32\DNSAPI.dll
0x00007fff037d0000 - 0x00007fff037e0000 	C:\Program Files\Java\jdk-17\bin\verify.dll
0x00007fff09a80000 - 0x00007fff09a8a000 	C:\Windows\System32\rasadhlp.dll
0x00007fff0b560000 - 0x00007fff0b5e3000 	C:\WINDOWS\System32\fwpuclnt.dll

dbghelp: loaded successfully - version: 4.0.5 - missing functions: none
symbol engine: initialized successfully - sym options: 0x614 - pdb path: .;C:\Program Files\Java\jdk-17\bin;C:\WINDOWS\SYSTEM32;C:\WINDOWS\WinSxS\amd64_microsoft.windows.common-controls_6595b64144ccf1df_6.0.22621.5262_none_2712bde373830908;C:\Program Files\Java\jdk-17\bin\server

VM Arguments:
jvm_args: -javaagent:C:\Program Files\JetBrains\IntelliJ IDEA Community Edition 2024.3.5\lib\idea_rt.jar=49952 -Dfile.encoding=UTF-8 
java_command: com.carrental.CarRentalApplication
java_class_path (initial): C:\Users\lokesh nagrikar\Desktop\CarRental\CarRental\target\classes;C:\Users\lokesh nagrikar\.m2\repository\org\springframework\boot\spring-boot-starter-data-jpa\3.2.0\spring-boot-starter-data-jpa-3.2.0.jar;C:\Users\lokesh nagrikar\.m2\repository\org\springframework\boot\spring-boot-starter-aop\3.2.0\spring-boot-starter-aop-3.2.0.jar;C:\Users\lokesh nagrikar\.m2\repository\org\aspectj\aspectjweaver\1.9.20.1\aspectjweaver-1.9.20.1.jar;C:\Users\lokesh nagrikar\.m2\repository\org\springframework\boot\spring-boot-starter-jdbc\3.2.0\spring-boot-starter-jdbc-3.2.0.jar;C:\Users\lokesh nagrikar\.m2\repository\com\zaxxer\HikariCP\5.0.1\HikariCP-5.0.1.jar;C:\Users\lokesh nagrikar\.m2\repository\org\springframework\spring-jdbc\6.1.1\spring-jdbc-6.1.1.jar;C:\Users\lokesh nagrikar\.m2\repository\org\hibernate\orm\hibernate-core\6.3.1.Final\hibernate-core-6.3.1.Final.jar;C:\Users\lokesh nagrikar\.m2\repository\jakarta\persistence\jakarta.persistence-api\3.1.0\jakarta.persistence-api-3.1.0.jar;C:\Users\lokesh nagrikar\.m2\repository\jakarta\transaction\jakarta.transaction-api\2.0.1\jakarta.transaction-api-2.0.1.jar;C:\Users\lokesh nagrikar\.m2\repository\org\jboss\logging\jboss-logging\3.5.3.Final\jboss-logging-3.5.3.Final.jar;C:\Users\lokesh nagrikar\.m2\repository\org\hibernate\common\hibernate-commons-annotations\6.0.6.Final\hibernate-commons-annotations-6.0.6.Final.jar;C:\Users\lokesh nagrikar\.m2\repository\io\smallrye\jandex\3.1.2\jandex-3.1.2.jar;C:\Users\lokesh nagrikar\.m2\repository\com\fasterxml\classmate\1.6.0\classmate-1.6.0.jar;C:\Users\lokesh nagrikar\.m2\repository\net\bytebuddy\byte-buddy\1.14.10\byte-buddy-1.14.10.jar;C:\Users\lokesh nagrikar\.m2\repository\org\glassfish\jaxb\jaxb-runtime\4.0.4\jaxb-runtime-4.0.4.jar;C:\Users\lokesh nagrikar\.m2\repository\org\glassfish\jaxb\jaxb-core\4.0.4\jaxb-core-4.0.4.jar;C:\Users\lokesh nagrikar\.m2\repository\org\glassfish\jaxb\txw2\4.0.4\txw2-4.0.4.jar;C:\Users\lokesh nagrikar\.m2\repository\c
Launcher Type: SUN_STANDARD

[Global flags]
     intx CICompilerCount                          = 12                                        {product} {ergonomic}
     uint ConcGCThreads                            = 3                                         {product} {ergonomic}
     uint G1ConcRefinementThreads                  = 13                                        {product} {ergonomic}
   size_t G1HeapRegionSize                         = 1048576                                   {product} {ergonomic}
    uintx GCDrainStackTargetSize                   = 64                                        {product} {ergonomic}
   size_t InitialHeapSize                          = 98566144                                  {product} {ergonomic}
   size_t MarkStackSize                            = 4194304                                   {product} {ergonomic}
   size_t MaxHeapSize                              = 1572864000                                {product} {ergonomic}
   size_t MaxNewSize                               = 943718400                                 {product} {ergonomic}
   size_t MinHeapDeltaBytes                        = 1048576                                   {product} {ergonomic}
   size_t MinHeapSize                              = 8388608                                   {product} {ergonomic}
    uintx NonNMethodCodeHeapSize                   = 7602480                                {pd product} {ergonomic}
    uintx NonProfiledCodeHeapSize                  = 122027880                              {pd product} {ergonomic}
    uintx ProfiledCodeHeapSize                     = 122027880                              {pd product} {ergonomic}
    uintx ReservedCodeCacheSize                    = 251658240                              {pd product} {ergonomic}
     bool SegmentedCodeCache                       = true                                      {product} {ergonomic}
   size_t SoftMaxHeapSize                          = 1572864000                             {manageable} {ergonomic}
     bool UseCompressedClassPointers               = true                           {product lp64_product} {ergonomic}
     bool UseCompressedOops                        = true                           {product lp64_product} {ergonomic}
     bool UseG1GC                                  = true                                      {product} {ergonomic}
     bool UseLargePagesIndividualAllocation        = false                                  {pd product} {ergonomic}

Logging:
Log output configuration:
 #0: stdout all=warning uptime,level,tags
 #1: stderr all=off uptime,level,tags

Environment Variables:
JAVA_HOME=C:\Program Files\Java\jdk-22
PATH=c:\Users\lokesh nagrikar\AppData\Local\Programs\cursor\resources\app\bin;C:\oraclexe\app\oracle\product\11.2.0\server\bin;C:\Program Files\Common Files\Oracle\Java\javapath;C:\Program Files (x86)\Common Files\Oracle\Java\java8path;C:\Program Files (x86)\Common Files\Oracle\Java\javapath;C:\seedoraclesql\extract\bin;C:\Windows\system32;C:\Windows;C:\Windows\System32\Wbem;C:\Windows\System32\WindowsPowerShell\v1.0\;C:\Windows\System32\OpenSSH\;C:\Program Files (x86)\NVIDIA Corporation\PhysX\Common;C:\Program Files\NVIDIA Corporation\NVIDIA NvDLISR;C:\WINDOWS\system32;C:\WINDOWS;C:\WINDOWS\System32\Wbem;C:\WINDOWS\System32\WindowsPowerShell\v1.0\;C:\WINDOWS\System32\OpenSSH\;C:\Program Files\dotnet\;C:\Program Files\Microsoft SQL Server\150\Tools\Binn\;C:\Program Files\Microsoft SQL Server\Client SDK\ODBC\170\Tools\Binn\;C:\Users\lokesh nagrikar\AppData\Local\Programs\Python\Python312;C:\Users\lokesh nagrikar\AppData\Local\Programs\Python\Python312\Scripts;C:\Users\lokesh nagrikar\AppData\Local\Programs\Python\P;C:\Program Files\Apache\maven\apache-maven-3.9.9;C:\Users\lokesh nagrikar\Downloads\node-v22.14.0;C:\Program Files\nodejs\;C:\java\Git\Git\cmd;C:\Program Files\MySQL\MySQL Shell 9.2\bin\;C:\Users\lokesh nagrikar\AppData\Local\Programs\Python\Python312\Scripts\;C:\Users\lokesh nagrikar\AppData\Local\Programs\Python\Python312\;C:\MinGW\bin;C:\Users\lokesh nagrikar\.dotnet\tools;C:\Program Files\JetBrains\PyCharm 2022.3.3\bin;;C:\Program Files\JetBrains\PyCharm Community Edition 2022.3.3\bin;;C:\Users\lokesh nagrikar\AppData\Local\Programs\Microsoft VS Code\bin;C:\Program Files\Java\jdk-17\bin;C:\java\Jars\SpringJdbcLib;C:\Users\lokesh nagrikar\AppData\Roaming\Microsoft\Windows\Start Menu\Programs\Python 3.12\;C:\Users\lokesh nagrikar\AppData\Roaming\Microsoft\Windows\Start Menu\Programs\Python 3.12\Scripts\;C:\Users\lokesh nagrikar\AppData\Local\Microsoft\WindowsApps;C:\Program Files\Java\jdk-23;C:\Program Files\Java\jdk-17;;C:\Program Files\JetBrains\IntelliJ 
USERNAME=lokesh nagrikar
OS=Windows_NT
PROCESSOR_IDENTIFIER=AMD64 Family 25 Model 80 Stepping 0, AuthenticAMD



---------------  S Y S T E M  ---------------

OS:
 Windows 11 , 64 bit Build 22621 (10.0.22621.5262)
OS uptime: 3 days 1:45 hours
Hyper-V role detected

CPU: total 16 (initial active 16) (16 cores per cpu, 2 threads per core) family 25 model 80 stepping 0 microcode 0x0, cx8, cmov, fxsr, ht, mmx, 3dnowpref, sse, sse2, sse3, ssse3, sse4a, sse4.1, sse4.2, popcnt, lzcnt, tsc, tscinvbit, avx, avx2, aes, erms, clmul, bmi1, bmi2, adx, sha, fma, vzeroupper, clflush, clflushopt, hv

Memory: 4k page, system-wide physical 5996M (249M free)
TotalPageFile size 24428M (AvailPageFile size 6M)
current process WorkingSet (physical memory assigned to process): 249M, peak: 249M
current process commit charge ("private bytes"): 296M, peak: 311M

vm_info: Java HotSpot(TM) 64-Bit Server VM (17.0.12+8-LTS-286) for windows-amd64 JRE (17.0.12+8-LTS-286), built on Jun  5 2024 06:46:59 by "mach5one" with MS VC++ 17.6 (VS2022)

END.
